
Connected to: Oracle Database 11g Express Edition Release 11.2.0.2.0 - Production
EXP-00023: must be a DBA to do Full Database or Tablespace export
Export done in WE8MSWIN1252 character set and AL16UTF16 NCHAR character set
server uses AL32UTF8 character set (possible charset conversion)
. exporting pre-schema procedural objects and actions
. exporting foreign function library names for user LEAVEREQUEST 
. exporting PUBLIC type synonyms
. exporting private type synonyms
. exporting object type definitions for user LEAVEREQUEST 
About to export LEAVEREQUEST's objects ...
. exporting database links
. exporting sequence numbers
. exporting cluster definitions
. about to export LEAVEREQUEST's tables via Conventional Path ...
. . exporting table                       EMPLOYEE          7 rows exported
EXP-00091: Exporting questionable statistics.
EXP-00091: Exporting questionable statistics.
EXP-00091: Exporting questionable statistics.
EXP-00091: Exporting questionable statistics.
. . exporting table                        HISTORY          4 rows exported
EXP-00091: Exporting questionable statistics.
EXP-00091: Exporting questionable statistics.
. . exporting table                  LEAVE_REQUEST          4 rows exported
EXP-00091: Exporting questionable statistics.
EXP-00091: Exporting questionable statistics.
. . exporting table                     LEAVE_TYPE          3 rows exported
EXP-00091: Exporting questionable statistics.
EXP-00091: Exporting questionable statistics.
. . exporting table                      PARAMETER          3 rows exported
EXP-00091: Exporting questionable statistics.
EXP-00091: Exporting questionable statistics.
. . exporting table                 REQUEST_STATUS          7 rows exported
EXP-00091: Exporting questionable statistics.
EXP-00091: Exporting questionable statistics.
. . exporting table                          ROLES          5 rows exported
EXP-00091: Exporting questionable statistics.
EXP-00091: Exporting questionable statistics.
. . exporting table                           SITE          5 rows exported
EXP-00091: Exporting questionable statistics.
EXP-00091: Exporting questionable statistics.
. . exporting table                         STATUS          4 rows exported
EXP-00091: Exporting questionable statistics.
EXP-00091: Exporting questionable statistics.
. exporting synonyms
. exporting views
. exporting stored procedures
. exporting operators
. exporting referential integrity constraints
. exporting triggers
. exporting indextypes
. exporting bitmap, functional and extensible indexes
. exporting posttables actions
. exporting materialized views
. exporting snapshot logs
. exporting job queues
. exporting refresh groups and children
. exporting dimensions
. exporting post-schema procedural objects and actions
. exporting statistics
Export terminated successfully with warnings.
